[32minfo[39m 2024-08-28 10:01:03.479 PM: 	[32mserver running at port 8001[39m
[32minfo[39m 2024-08-28 10:01:03.569 PM: 	[32mDatabase connected successfully[39m
[32minfo[39m 2024-08-28 10:01:29.153 PM: [32mserver running at port 8001[39m
[32minfo[39m 2024-08-28 10:01:29.264 PM: [32mDatabase connected successfully[39m
[32minfo[39m 2024-08-28 10:01:43.005 PM: 	[32mserver running at port 8001[39m
[32minfo[39m 2024-08-28 10:01:43.117 PM: 	[32mDatabase connected successfully[39m
[32minfo[39m 2024-08-28 10:02:16.208 PM: [32mserver running at port 8001[39m
[32minfo[39m 2024-08-28 10:02:16.347 PM: [32mDatabase connected successfully[39m
[32minfo[39m 2024-08-28 10:02:32.452 PM: 	[32mserver running at port 8001[39m
[32minfo[39m 2024-08-28 10:02:32.563 PM: 	[32mDatabase connected successfully[39m
[32minfo[39m 2024-08-28 10:03:16.954 PM: 	[32mserver running at port 8001[39m
[32minfo[39m 2024-08-28 10:03:17.041 PM: 	[32mDatabase connected successfully[39m
[32minfo[39m 2024-08-28 11:41:30.485 PM: 	[32mserver running at port 8001[39m
[32minfo[39m 2024-08-28 11:41:30.588 PM: 	[32mDatabase connected successfully[39m
[32minfo[39m 2024-08-28 11:48:22.786 PM: 	[32mserver running at port 8001[39m
[32minfo[39m 2024-08-28 11:48:22.881 PM: 	[32mDatabase connected successfully[39m
[32minfo[39m 2024-08-28 11:49:08.321 PM: 	[32mserver running at port 8001[39m
[32minfo[39m 2024-08-28 11:49:08.385 PM: 	[32mDatabase connected successfully[39m
[32minfo[39m 2024-08-29 12:41:52.985 AM: 	[32mserver running at port 8001[39m
[32minfo[39m 2024-08-29 12:41:53.056 AM: 	[32mDatabase connected successfully[39m
[32minfo[39m 2024-08-29 12:50:29.686 AM: 	[32mserver running at port 8001[39m
[32minfo[39m 2024-08-29 12:50:29.730 AM: 	[32mDatabase connected successfully[39m
[32minfo[39m 2024-09-02 07:22:16.029 PM: 	[32mserver running at port 8001[39m
[31merror[39m 2024-09-02 07:22:18.721 PM: 	[31mError while connection[39m
[32minfo[39m 2024-09-05 03:13:33.808 PM: 	[32mserver running at port 8001[39m
[31merror[39m 2024-09-05 03:13:55.994 PM: 	[31mError while connection[39m
[32minfo[39m 2024-09-05 03:14:01.385 PM: 	[32mserver running at port 8001[39m
[32minfo[39m 2024-09-05 03:14:01.512 PM: 	[32mDatabase connected successfully[39m
[32minfo[39m 2024-09-05 04:25:09.940 PM: 	[32mserver running at port 8001[39m
[32minfo[39m 2024-09-05 04:25:10.034 PM: 	[32mDatabase connected successfully[39m
[32minfo[39m 2024-09-09 11:50:15.865 AM: 	[32mserver running at port 8001[39m
[32minfo[39m 2024-09-09 11:50:15.922 AM: 	[32mDatabase connected successfully[39m
[32minfo[39m 2024-09-09 11:51:00.829 AM: 	[32mserver running at port 8001[39m
[32minfo[39m 2024-09-09 11:51:00.868 AM: 	[32mDatabase connected successfully[39m
[32minfo[39m 2024-09-09 03:43:41.570 PM: 	[32mserver running at port 8001[39m
[32minfo[39m 2024-09-09 03:43:41.615 PM: 	[32mDatabase connected successfully[39m
